mode: set
be/delivery/controllers/auth/auth.go:19.42,23.2 1 1
be/delivery/controllers/auth/auth.go:25.52,26.36 1 1
be/delivery/controllers/auth/auth.go:26.36,29.100 2 1
be/delivery/controllers/auth/auth.go:33.3,35.17 2 1
be/delivery/controllers/auth/auth.go:50.3,52.17 2 1
be/delivery/controllers/auth/auth.go:58.3,61.6 1 1
be/delivery/controllers/auth/auth.go:29.100,31.4 1 1
be/delivery/controllers/auth/auth.go:35.17,37.23 2 1
be/delivery/controllers/auth/auth.go:46.4,46.103 1 1
be/delivery/controllers/auth/auth.go:38.30,39.43 1 1
be/delivery/controllers/auth/auth.go:40.28,41.45 1 1
be/delivery/controllers/auth/auth.go:42.12,43.55 1 1
be/delivery/controllers/auth/auth.go:52.17,56.4 3 1
be/delivery/controllers/doctor/doctor.go:23.58,28.2 1 1
be/delivery/controllers/doctor/doctor.go:30.51,31.36 1 1
be/delivery/controllers/doctor/doctor.go:31.36,36.38 2 1
be/delivery/controllers/doctor/doctor.go:41.3,42.39 2 1
be/delivery/controllers/doctor/doctor.go:71.3,71.23 1 1
be/delivery/controllers/doctor/doctor.go:77.3,77.59 1 1
be/delivery/controllers/doctor/doctor.go:84.3,84.51 1 1
be/delivery/controllers/doctor/doctor.go:91.3,91.57 1 1
be/delivery/controllers/doctor/doctor.go:98.3,99.17 2 1
be/delivery/controllers/doctor/doctor.go:102.3,102.17 1 1
be/delivery/controllers/doctor/doctor.go:114.3,116.17 2 1
be/delivery/controllers/doctor/doctor.go:133.3,135.6 1 1
be/delivery/controllers/doctor/doctor.go:36.38,39.4 2 1
be/delivery/controllers/doctor/doctor.go:42.39,44.11 2 1
be/delivery/controllers/doctor/doctor.go:66.4,66.85 1 1
be/delivery/controllers/doctor/doctor.go:45.51,46.41 1 1
be/delivery/controllers/doctor/doctor.go:47.48,48.38 1 1
be/delivery/controllers/doctor/doctor.go:49.51,50.41 1 1
be/delivery/controllers/doctor/doctor.go:51.47,52.37 1 1
be/delivery/controllers/doctor/doctor.go:53.50,54.40 1 1
be/delivery/controllers/doctor/doctor.go:55.49,56.39 1 1
be/delivery/controllers/doctor/doctor.go:57.50,58.41 1 1
be/delivery/controllers/doctor/doctor.go:59.51,60.42 1 1
be/delivery/controllers/doctor/doctor.go:61.51,62.42 1 1
be/delivery/controllers/doctor/doctor.go:63.12,64.38 1 0
be/delivery/controllers/doctor/doctor.go:71.23,73.4 1 1
be/delivery/controllers/doctor/doctor.go:77.59,80.4 2 1
be/delivery/controllers/doctor/doctor.go:84.51,87.4 2 1
be/delivery/controllers/doctor/doctor.go:91.57,94.4 2 1
be/delivery/controllers/doctor/doctor.go:99.17,101.4 1 1
be/delivery/controllers/doctor/doctor.go:102.17,104.18 2 1
be/delivery/controllers/doctor/doctor.go:109.4,109.20 1 1
be/delivery/controllers/doctor/doctor.go:104.18,107.5 2 1
be/delivery/controllers/doctor/doctor.go:116.17,118.11 2 1
be/delivery/controllers/doctor/doctor.go:130.4,130.103 1 1
be/delivery/controllers/doctor/doctor.go:119.73,120.51 1 1
be/delivery/controllers/doctor/doctor.go:121.49,122.39 1 1
be/delivery/controllers/doctor/doctor.go:123.51,124.41 1 1
be/delivery/controllers/doctor/doctor.go:125.52,126.42 1 1
be/delivery/controllers/doctor/doctor.go:127.12,128.55 1 1
be/delivery/controllers/doctor/doctor.go:139.51,140.36 1 1
be/delivery/controllers/doctor/doctor.go:140.36,146.38 3 1
be/delivery/controllers/doctor/doctor.go:153.3,153.44 1 1
be/delivery/controllers/doctor/doctor.go:159.3,159.81 1 1
be/delivery/controllers/doctor/doctor.go:166.3,166.69 1 1
be/delivery/controllers/doctor/doctor.go:173.3,173.78 1 1
be/delivery/controllers/doctor/doctor.go:180.3,181.17 2 1
be/delivery/controllers/doctor/doctor.go:184.3,184.17 1 1
be/delivery/controllers/doctor/doctor.go:214.3,216.17 2 1
be/delivery/controllers/doctor/doctor.go:237.3,237.112 1 1
be/delivery/controllers/doctor/doctor.go:146.38,149.4 2 1
be/delivery/controllers/doctor/doctor.go:153.44,155.4 1 1
be/delivery/controllers/doctor/doctor.go:159.81,162.4 2 1
be/delivery/controllers/doctor/doctor.go:166.69,169.4 2 1
be/delivery/controllers/doctor/doctor.go:173.78,176.4 2 1
be/delivery/controllers/doctor/doctor.go:181.17,183.4 1 1
be/delivery/controllers/doctor/doctor.go:184.17,186.18 2 1
be/delivery/controllers/doctor/doctor.go:190.4,190.92 1 1
be/delivery/controllers/doctor/doctor.go:186.18,189.5 2 1
be/delivery/controllers/doctor/doctor.go:190.92,197.25 5 1
be/delivery/controllers/doctor/doctor.go:197.25,200.6 2 1
be/delivery/controllers/doctor/doctor.go:201.10,203.19 2 1
be/delivery/controllers/doctor/doctor.go:208.5,208.21 1 1
be/delivery/controllers/doctor/doctor.go:203.19,206.6 2 1
be/delivery/controllers/doctor/doctor.go:216.17,218.11 2 1
be/delivery/controllers/doctor/doctor.go:234.4,234.103 1 1
be/delivery/controllers/doctor/doctor.go:219.73,220.51 1 1
be/delivery/controllers/doctor/doctor.go:221.97,222.75 1 1
be/delivery/controllers/doctor/doctor.go:223.49,224.39 1 1
be/delivery/controllers/doctor/doctor.go:225.51,226.41 1 1
be/delivery/controllers/doctor/doctor.go:227.52,228.42 1 1
be/delivery/controllers/doctor/doctor.go:229.43,230.45 1 1
be/delivery/controllers/doctor/doctor.go:231.12,232.55 1 1
be/delivery/controllers/doctor/doctor.go:241.51,242.36 1 1
be/delivery/controllers/doctor/doctor.go:242.36,248.17 3 1
be/delivery/controllers/doctor/doctor.go:252.3,252.91 1 1
be/delivery/controllers/doctor/doctor.go:266.3,268.17 2 1
be/delivery/controllers/doctor/doctor.go:279.3,279.117 1 1
be/delivery/controllers/doctor/doctor.go:248.17,250.4 1 1
be/delivery/controllers/doctor/doctor.go:252.91,259.24 5 1
be/delivery/controllers/doctor/doctor.go:259.24,261.5 1 1
be/delivery/controllers/doctor/doctor.go:268.17,270.23 2 1
be/delivery/controllers/doctor/doctor.go:276.4,276.103 1 1
be/delivery/controllers/doctor/doctor.go:271.28,272.45 1 1
be/delivery/controllers/doctor/doctor.go:273.12,274.55 1 1
be/delivery/controllers/doctor/doctor.go:283.55,284.36 1 1
be/delivery/controllers/doctor/doctor.go:284.36,291.17 3 1
be/delivery/controllers/doctor/doctor.go:302.3,302.90 1 1
be/delivery/controllers/doctor/doctor.go:291.17,293.23 2 1
be/delivery/controllers/doctor/doctor.go:299.4,299.103 1 1
be/delivery/controllers/doctor/doctor.go:294.28,295.45 1 1
be/delivery/controllers/doctor/doctor.go:296.12,297.55 1 1
be/delivery/controllers/doctor/doctor.go:306.51,307.36 1 1
be/delivery/controllers/doctor/doctor.go:307.36,313.17 2 1
be/delivery/controllers/doctor/doctor.go:318.3,318.96 1 1
be/delivery/controllers/doctor/doctor.go:313.17,316.4 2 1
be/delivery/controllers/doctor/formatter.go:18.43,32.2 1 1
be/delivery/controllers/patient/regex.go:5.44,6.80 1 1
be/delivery/controllers/patient/regex.go:9.2,9.68 1 1
be/delivery/controllers/patient/regex.go:12.2,12.77 1 1
be/delivery/controllers/patient/regex.go:15.2,15.65 1 1
be/delivery/controllers/patient/regex.go:18.2,18.12 1 1
be/delivery/controllers/patient/regex.go:6.80,8.3 1 1
be/delivery/controllers/patient/regex.go:9.68,11.3 1 1
be/delivery/controllers/patient/regex.go:12.77,14.3 1 1
be/delivery/controllers/patient/regex.go:15.65,17.3 1 1
be/delivery/controllers/patient/formatter.go:27.54,32.16 3 1
be/delivery/controllers/patient/formatter.go:36.2,50.8 1 1
be/delivery/controllers/patient/formatter.go:32.16,34.3 1 1
be/delivery/controllers/patient/patient.go:22.60,27.2 1 1
be/delivery/controllers/patient/patient.go:29.51,30.36 1 1
be/delivery/controllers/patient/patient.go:30.36,35.38 2 1
be/delivery/controllers/patient/patient.go:40.3,41.39 2 1
be/delivery/controllers/patient/patient.go:76.3,76.53 1 1
be/delivery/controllers/patient/patient.go:82.3,83.17 2 1
be/delivery/controllers/patient/patient.go:86.3,86.17 1 1
be/delivery/controllers/patient/patient.go:98.3,99.17 2 1
be/delivery/controllers/patient/patient.go:104.3,106.17 2 1
be/delivery/controllers/patient/patient.go:118.3,118.108 1 1
be/delivery/controllers/patient/patient.go:35.38,38.4 2 1
be/delivery/controllers/patient/patient.go:41.39,43.11 2 1
be/delivery/controllers/patient/patient.go:71.4,71.85 1 1
be/delivery/controllers/patient/patient.go:44.51,45.41 1 1
be/delivery/controllers/patient/patient.go:46.48,47.38 1 1
be/delivery/controllers/patient/patient.go:48.51,49.41 1 1
be/delivery/controllers/patient/patient.go:50.46,51.36 1 1
be/delivery/controllers/patient/patient.go:52.47,53.37 1 1
be/delivery/controllers/patient/patient.go:54.49,55.39 1 1
be/delivery/controllers/patient/patient.go:56.50,57.40 1 1
be/delivery/controllers/patient/patient.go:58.53,59.44 1 1
be/delivery/controllers/patient/patient.go:60.46,61.46 1 1
be/delivery/controllers/patient/patient.go:62.46,63.36 1 1
be/delivery/controllers/patient/patient.go:64.49,65.39 1 1
be/delivery/controllers/patient/patient.go:66.51,67.41 1 1
be/delivery/controllers/patient/patient.go:68.12,69.38 1 0
be/delivery/controllers/patient/patient.go:76.53,78.4 1 1
be/delivery/controllers/patient/patient.go:83.17,85.4 1 1
be/delivery/controllers/patient/patient.go:86.17,88.18 2 1
be/delivery/controllers/patient/patient.go:93.4,93.20 1 1
be/delivery/controllers/patient/patient.go:88.18,91.5 2 1
be/delivery/controllers/patient/patient.go:99.17,102.4 2 1
be/delivery/controllers/patient/patient.go:106.17,108.23 2 1
be/delivery/controllers/patient/patient.go:115.4,115.103 1 1
be/delivery/controllers/patient/patient.go:109.58,110.51 1 1
be/delivery/controllers/patient/patient.go:111.12,112.55 1 1
be/delivery/controllers/patient/patient.go:122.51,123.36 1 1
be/delivery/controllers/patient/patient.go:123.36,129.38 3 1
be/delivery/controllers/patient/patient.go:133.3,133.10 1 1
be/delivery/controllers/patient/patient.go:144.3,144.53 1 1
be/delivery/controllers/patient/patient.go:150.3,151.17 2 1
be/delivery/controllers/patient/patient.go:154.3,154.17 1 1
be/delivery/controllers/patient/patient.go:185.3,189.17 3 1
be/delivery/controllers/patient/patient.go:202.3,202.113 1 1
be/delivery/controllers/patient/patient.go:129.38,131.4 1 1
be/delivery/controllers/patient/patient.go:134.22,135.112 1 1
be/delivery/controllers/patient/patient.go:136.29,137.120 1 1
be/delivery/controllers/patient/patient.go:138.22,139.122 1 1
be/delivery/controllers/patient/patient.go:144.53,146.4 1 1
be/delivery/controllers/patient/patient.go:151.17,153.4 1 1
be/delivery/controllers/patient/patient.go:154.17,156.18 2 1
be/delivery/controllers/patient/patient.go:161.4,161.92 1 1
be/delivery/controllers/patient/patient.go:156.18,160.5 2 1
be/delivery/controllers/patient/patient.go:161.92,168.25 5 1
be/delivery/controllers/patient/patient.go:168.25,171.6 2 1
be/delivery/controllers/patient/patient.go:172.10,174.19 2 1
be/delivery/controllers/patient/patient.go:179.5,179.21 1 1
be/delivery/controllers/patient/patient.go:174.19,177.6 2 1
be/delivery/controllers/patient/patient.go:189.17,191.23 2 1
be/delivery/controllers/patient/patient.go:199.4,199.103 1 1
be/delivery/controllers/patient/patient.go:192.58,193.51 1 1
be/delivery/controllers/patient/patient.go:194.28,195.45 1 1
be/delivery/controllers/patient/patient.go:196.12,197.55 1 1
be/delivery/controllers/patient/patient.go:206.51,207.36 1 1
be/delivery/controllers/patient/patient.go:207.36,213.17 3 1
be/delivery/controllers/patient/patient.go:217.3,217.91 1 1
be/delivery/controllers/patient/patient.go:231.3,233.17 2 1
be/delivery/controllers/patient/patient.go:244.3,244.118 1 1
be/delivery/controllers/patient/patient.go:213.17,215.4 1 1
be/delivery/controllers/patient/patient.go:217.91,224.24 5 1
be/delivery/controllers/patient/patient.go:224.24,226.5 1 1
be/delivery/controllers/patient/patient.go:233.17,235.23 2 1
be/delivery/controllers/patient/patient.go:241.4,241.103 1 1
be/delivery/controllers/patient/patient.go:236.28,237.45 1 1
be/delivery/controllers/patient/patient.go:238.12,239.55 1 1
be/delivery/controllers/patient/patient.go:248.55,249.36 1 1
be/delivery/controllers/patient/patient.go:249.36,252.51 2 1
be/delivery/controllers/patient/patient.go:258.3,260.17 2 1
be/delivery/controllers/patient/patient.go:271.3,271.101 1 1
be/delivery/controllers/patient/patient.go:252.51,254.4 1 1
be/delivery/controllers/patient/patient.go:260.17,262.23 2 1
be/delivery/controllers/patient/patient.go:268.4,268.103 1 1
be/delivery/controllers/patient/patient.go:263.28,264.45 1 1
be/delivery/controllers/patient/patient.go:265.12,266.55 1 1
be/delivery/controllers/visit/formatter.go:31.50,35.16 3 1
be/delivery/controllers/visit/formatter.go:39.2,55.8 1 1
be/delivery/controllers/visit/formatter.go:35.16,37.3 1 1
be/delivery/controllers/visit/visit.go:24.60,29.2 1 1
be/delivery/controllers/visit/visit.go:31.51,32.36 1 1
be/delivery/controllers/visit/visit.go:32.36,36.38 3 1
be/delivery/controllers/visit/visit.go:41.3,42.39 2 1
be/delivery/controllers/visit/visit.go:57.3,58.21 2 1
be/delivery/controllers/visit/visit.go:64.3,66.17 2 1
be/delivery/controllers/visit/visit.go:83.3,84.17 2 1
be/delivery/controllers/visit/visit.go:88.3,91.17 3 1
be/delivery/controllers/visit/visit.go:95.3,96.17 2 1
be/delivery/controllers/visit/visit.go:101.3,102.17 2 1
be/delivery/controllers/visit/visit.go:106.3,106.141 1 1
be/delivery/controllers/visit/visit.go:36.38,39.4 2 1
be/delivery/controllers/visit/visit.go:42.39,44.11 2 1
be/delivery/controllers/visit/visit.go:54.4,54.85 1 1
be/delivery/controllers/visit/visit.go:45.47,46.37 1 1
be/delivery/controllers/visit/visit.go:47.53,48.43 1 1
be/delivery/controllers/visit/visit.go:49.52,50.42 1 1
be/delivery/controllers/visit/visit.go:51.12,52.38 1 0
be/delivery/controllers/visit/visit.go:58.21,59.18 1 1
be/delivery/controllers/visit/visit.go:59.18,61.5 1 1
be/delivery/controllers/visit/visit.go:66.17,68.11 2 1
be/delivery/controllers/visit/visit.go:80.4,80.103 1 1
be/delivery/controllers/visit/visit.go:69.53,70.43 1 1
be/delivery/controllers/visit/visit.go:71.54,72.44 1 1
be/delivery/controllers/visit/visit.go:73.84,74.62 1 1
be/delivery/controllers/visit/visit.go:75.77,76.55 1 1
be/delivery/controllers/visit/visit.go:77.12,78.50 1 1
be/delivery/controllers/visit/visit.go:84.17,86.4 1 1
be/delivery/controllers/visit/visit.go:91.17,94.4 2 1
be/delivery/controllers/visit/visit.go:96.17,99.4 2 1
be/delivery/controllers/visit/visit.go:102.17,104.4 1 1
be/delivery/controllers/visit/visit.go:110.51,111.36 1 1
be/delivery/controllers/visit/visit.go:111.36,115.38 3 1
be/delivery/controllers/visit/visit.go:119.3,119.10 1 1
be/delivery/controllers/visit/visit.go:124.3,128.17 3 1
be/delivery/controllers/visit/visit.go:140.3,141.17 2 1
be/delivery/controllers/visit/visit.go:145.3,148.17 3 1
be/delivery/controllers/visit/visit.go:152.3,153.17 2 1
be/delivery/controllers/visit/visit.go:158.3,158.32 1 1
be/delivery/controllers/visit/visit.go:165.3,165.116 1 1
be/delivery/controllers/visit/visit.go:115.38,117.4 1 1
be/delivery/controllers/visit/visit.go:120.23,121.122 1 1
be/delivery/controllers/visit/visit.go:128.17,130.23 2 1
be/delivery/controllers/visit/visit.go:136.4,136.103 1 1
be/delivery/controllers/visit/visit.go:131.48,132.45 1 1
be/delivery/controllers/visit/visit.go:133.12,134.50 1 1
be/delivery/controllers/visit/visit.go:141.17,143.4 1 1
be/delivery/controllers/visit/visit.go:148.17,151.4 2 1
be/delivery/controllers/visit/visit.go:153.17,156.4 2 1
be/delivery/controllers/visit/visit.go:158.32,160.18 2 1
be/delivery/controllers/visit/visit.go:160.18,162.5 1 1
be/delivery/controllers/visit/visit.go:169.51,170.36 1 1
be/delivery/controllers/visit/visit.go:170.36,174.17 3 1
be/delivery/controllers/visit/visit.go:178.3,180.17 2 1
be/delivery/controllers/visit/visit.go:192.3,193.17 2 1
be/delivery/controllers/visit/visit.go:198.3,198.116 1 1
be/delivery/controllers/visit/visit.go:174.17,176.4 1 1
be/delivery/controllers/visit/visit.go:180.17,182.23 2 1
be/delivery/controllers/visit/visit.go:188.4,188.103 1 1
be/delivery/controllers/visit/visit.go:183.48,184.45 1 1
be/delivery/controllers/visit/visit.go:185.12,186.50 1 1
be/delivery/controllers/visit/visit.go:193.17,196.4 2 1
be/delivery/controllers/visit/visit.go:202.54,203.36 1 1
be/delivery/controllers/visit/visit.go:203.36,214.17 7 1
be/delivery/controllers/visit/visit.go:223.3,223.96 1 1
be/delivery/controllers/visit/visit.go:214.17,216.23 2 1
be/delivery/controllers/visit/visit.go:220.4,220.103 1 1
be/delivery/controllers/visit/visit.go:217.12,218.50 1 1
be/repository/auth/auth.go:17.31,21.2 1 1
be/repository/auth/auth.go:23.91,30.27 3 1
be/repository/auth/auth.go:36.2,36.27 1 1
be/repository/auth/auth.go:46.2,49.27 3 1
be/repository/auth/auth.go:55.2,55.27 1 1
be/repository/auth/auth.go:69.2,70.70 2 1
be/repository/auth/auth.go:30.27,31.75 1 1
be/repository/auth/auth.go:31.75,33.4 1 1
be/repository/auth/auth.go:36.27,42.3 1 1
be/repository/auth/auth.go:49.27,50.74 1 1
be/repository/auth/auth.go:50.74,52.4 1 1
be/repository/auth/auth.go:55.27,57.49 1 1
be/repository/auth/auth.go:64.3,67.9 1 1
be/repository/auth/auth.go:57.49,62.4 1 1
